<?xml version="1.0" encoding="UTF-8"?>
<!-- Generated by org.testng.reporters.JUnitReportReporter -->
<testsuite hostname="MDC5-L-1366NRB" failures="0" tests="2" name="testCases.TestScripts" time="30.047" errors="0" timestamp="2022-10-29T04:29:15 IST" skipped="0">
  <testcase classname="testCases.TestScripts" name="patientsProfessionalsTest" time="12.532"/>
  <system-out/>
  <testcase classname="testCases.TestScripts" name="patientsProfessionalsTest" time="17.515"/>
  <system-out/>
</testsuite> <!-- testCases.TestScripts -->
