<?xml version="1.0" encoding="UTF-8"?>
<!-- Generated by org.testng.reporters.JUnitReportReporter -->
<testsuite hostname="MDC5-L-1366NRB" failures="0" tests="2" name="testCases.TestScripts" time="25.386" errors="0" timestamp="2022-11-01T11:33:53 IST" skipped="0">
  <testcase classname="testCases.TestScripts" name="patientsProfessionalsTest" time="10.358"/>
  <system-out/>
  <testcase classname="testCases.TestScripts" name="patientsProfessionalsTest" time="15.028"/>
  <system-out/>
</testsuite> <!-- testCases.TestScripts -->
